0 659
 0.649 -1.1241 0
 0.6525 -1.12207 0
 0.667113 -1.13902 0
 0.661514 -1.12143 0
 0.672157 -1.1314 0
 0.690056 -1.15333 0
 0.701905 -1.16487 0
 0.733545 -1.20885 0
 0.762338 -1.24751 0
 0.776705 -1.26216 0
 0.779581 -1.25804 0
 0.783498 -1.2556 0
 0.788472 -1.25485 0
 0.793448 -1.25407 0
 0.797353 -1.25159 0
 0.80017 -1.24742 0
 0.810564 -1.255 0
 0.815562 -1.25414 0
 0.819467 -1.2516 0
 0.829968 -1.25905 0
 0.833888 -1.25646 0
 0.8378 -1.25386 0
 0.841704 -1.25124 0
 0.845599 -1.24861 0
 0.763862 -1.12038 0
 0.449319 -0.654636 0
 0.429755 -0.62197 0
 0.413419 -0.594357 0
 0.355617 -0.507874 0
 0.360655 -0.511668 0
 0.358776 -0.505648 0
 0.361513 -0.506155 0
 0.354916 -0.493658 0
 0.354108 -0.489309 0
 0.349743 -0.48012 0
 0.351238 -0.479028 0
 0.352729 -0.477931 0
 0.358988 -0.483251 0
 0.360492 -0.48213 0
 0.353574 -0.469818 0
 0.355037 -0.468714 0
 0.349221 -0.458062 0
 0.353082 -0.460145 0
 0.352069 -0.455876 0
 0.348579 -0.448461 0
 0.349975 -0.447372 0
 0.351367 -0.446279 0
 0.352756 -0.445182 0
 0.354142 -0.44408 0
 0.348013 -0.433616 0
 0.349363 -0.432529 0
 0.35071 -0.431438 0
 0.352053 -0.430343 0
 0.353392 -0.429244 0
 0.354728 -0.42814 0
 0.356061 -0.427033 0
 0.35739 -0.425921 0
 0.354845 -0.420221 0
 0.352267 -0.41454 0
 0.357457 -0.418001 0
 0.350931 -0.407789 0
 0.350891 -0.405181 0
 0.352152 -0.404086 0
 0.349453 -0.398475 0
 0.350694 -0.397384 0
 0.35193 -0.396289 0
 0.353164 -0.39519 0
 0.354394 -0.394088 0
 0.35562 -0.392981 0
 0.347417 -0.38152 0
 0.344551 -0.376011 0
 0.347077 -0.376406 0
 0.350969 -0.378255 0
 0.352146 -0.377159 0
 0.35332 -0.37606 0
 0.344873 -0.364783 0
 0.351522 -0.369503 0
 0.355438 -0.371295 0
 0.355206 -0.368745 0
 0.353569 -0.364764 0
 0.349118 -0.357933 0
 0.350232 -0.356844 0
 0.351343 -0.35575 0
 0.35104 -0.353235 0
 0.352139 -0.352139 0
 0.361747 -0.359499 0
 0.351481 -0.347127 0
 0.359698 -0.353034 0
 0.367956 -0.358894 0
 0.367636 -0.356353 0
 0.368745 -0.355206 0
 0.361182 -0.345757 0
 0.370952 -0.3529 0
 0.37205 -0.351742 0
 0.373145 -0.350581 0
 0.371312 -0.346687 0
 0.379721 -0.352329 0
 0.370525 -0.341654 0
 0.371588 -0.340497 0
 0.375605 -0.342031 0
 0.384084 -0.347568 0
 0.385165 -0.34637 0
 0.387734 -0.3465 0
 0.384326 -0.341306 0
 0.385388 -0.340107 0
 0.390957 -0.34286 0
 0.392023 -0.34164 0
 0.394598 -0.341725 0
 0.394145 -0.339189 0
 0.396721 -0.339259 0
 0.402348 -0.341906 0
 0.400356 -0.33807 0
 0.401407 -0.336821 0
 0.402455 -0.335568 0
 0.406579 -0.336864 0
 0.415347 -0.341951 0
 0.408671 -0.334323 0
 0.417471 -0.339356 0
 0.421638 -0.340566 0
 0.423753 -0.337931 0
 0.421669 -0.334125 0
 0.430565 -0.338995 0
 0.426894 -0.333955 0
 0.427933 -0.332623 0
 0.436882 -0.3374 0
 0.436344 -0.334819 0
 0.437386 -0.333457 0
 0.441611 -0.334508 0
 0.450642 -0.339143 0
 0.4549 -0.340132 0
 0.449536 -0.333942 0
 0.461839 -0.340853 0
 0.458061 -0.335864 0
 0.459105 -0.334435 0
 0.460145 -0.333002 0
 0.467676 -0.336236 0
 0.473605 -0.338264 0
 0.474656 -0.336787 0
 0.475704 -0.335306 0
 0.475108 -0.332674 0
 0.550027 -0.382584 0
 0.57054 -0.391598 0
 0.58002 -0.395451 0
 1.67088 -1.13158 0
 1.67938 -1.12971 0
 1.68788 -1.12781 0
 1.69639 -1.12586 0
 1.6882 -1.11286 0
 1.69166 -1.10759 0
 1.70014 -1.10559 0
 1.68509 -1.08835 0
 1.66996 -1.07121 0
 1.67666 -1.06815 0
 1.66646 -1.05437 0
 1.64773 -1.03533 0
 1.03502 -0.645856 0
 0.953727 -0.591007 0
 0.831222 -0.511514 0
 0.822572 -0.502664 0
 0.819006 -0.496985 0
 0.808559 -0.487204 0
 0.816939 -0.488789 0
 0.806422 -0.47909 0
 0.813079 -0.479623 0
 0.80249 -0.470011 0
 0.805679 -0.468513 0
 0.80194 -0.463 0
 0.803379 -0.460498 0
 0.80481 -0.457992 0
 0.806234 -0.455482 0
 0.807649 -0.452967 0
 0.802067 -0.446556 0
 0.803455 -0.444054 0
 0.804835 -0.441548 0
 0.800938 -0.436168 0
 0.802294 -0.433669 0
 0.798354 -0.42833 0
 0.799685 -0.42584 0
 0.801009 -0.423345 0
 0.802324 -0.420847 0
 0.808954 -0.421115 0
 0.803155 -0.41492 0
 0.799105 -0.409677 0
 0.807508 -0.410812 0
 0.806999 -0.407392 0
 0.797536 -0.399501 0
 0.809523 -0.402354 0
 0.810773 -0.399829 0
 0.79944 -0.391147 0
 0.802454 -0.389527 0
 0.801862 -0.386156 0
 0.803062 -0.383656 0
 0.804254 -0.381151 0
 0.805438 -0.378642 0
 0.806614 -0.37613 0
 0.807782 -0.373614 0
 0.808943 -0.371095 0
 0.800993 -0.364431 0
 0.803948 -0.362755 0
 0.803249 -0.359431 0
 0.804366 -0.356926 0
 0.806575 -0.351905 0
 0.822353 -0.355742 0
 0.817943 -0.350812 0
 0.819032 -0.348261 0
 0.825643 -0.348038 0
 0.826723 -0.345463 0
 0.827796 -0.342884 0
 0.828861 -0.340303 0
 0.833622 -0.339225 0
 0.830966 -0.33513 0
 0.835721 -0.334023 0
 0.836758 -0.331416 0
 0.834063 -0.327346 0
 0.840671 -0.326919 0
 0.851017 -0.327893 0
 0.852035 -0.325239 0
 0.86614 -0.327534 0
 0.867156 -0.324833 0
 0.88129 -0.326999 0
 0.895446 -0.32908 0
 0.883311 -0.321499 0
 0.901242 -0.324848 0
 0.909785 -0.324727 0
 0.914564 -0.323223 0
 0.92123 -0.322352 0
 0.948688 -0.328645 0
 0.979977 -0.336067 0
 1.05488 -0.358084 0
 1.19753 -0.3982 0
 1.25006 -0.411344 0
 1.25134 -0.407446 0
 1.25641 -0.404771 0
 1.25766 -0.400853 0
 1.25509 -0.395729 0
 1.25823 -0.392411 0
 1.24989 -0.38554 0
 1.25108 -0.381642 0
 1.24652 -0.376009 0
 1.25152 -0.373265 0
 1.24117 -0.365969 0
 1.25191 -0.364897 0
 1.25304 -0.360993 0
 1.25416 -0.357086 0
 1.25911 -0.354259 0
 1.26599 -0.35194 0
 1.26708 -0.347993 0
 1.27009 -0.344566 0
 1.26343 -0.338535 0
 1.27801 -0.338177 0
 1.27713 -0.333687 0
 1.28978 -0.332702 0
 1.285 -0.3272 0
 1.29377 -0.325144 0
 1.29478 -0.32111 0
 1.3016 -0.318499 0
 1.31619 -0.317726 0
 1.34831 -0.321034 0
 1.40771 -0.330546 0
 1.44965 -0.335631 0
 1.47799 -0.337342 0
 1.51611 -0.341074 0
 1.60113 -0.354961 0
 1.63153 -0.356371 0
 1.67174 -0.359698 0
 1.68655 -0.357388 0
 1.67003 -0.348454 0
 1.6574 -0.34043 0
 0.637112 -0.128795 0
 0.43743 -0.0870103 0
 0.42396 -0.0829581 0
 0.412433 -0.0793687 0
 0.385166 -0.0728773 0
 0.37556 -0.0698481 0
 0.362004 -0.0661603 0
 0.348429 -0.0625577 0
 0.336804 -0.0593877 0
 0.3429 -0.0593611 0
 0.33914 -0.0576221 0
 0.34129 -0.0568937 0
 0.34344 -0.0561525 0
 0.343613 -0.0550818 0
 0.339832 -0.0533898 0
 0.341973 -0.0526347 0
 0.33818 -0.0509724 0
 0.338337 -0.0499182 0
 0.338491 -0.0488635 0
 0.334681 -0.0472491 0
 0.342752 -0.0472994 0
 0.342898 -0.046231 0
 0.34304 -0.045162 0
 0.347146 -0.0446024 0
 0.329423 -0.0412821 0
 0.335506 -0.0409827 0
 0.329674 -0.0392279 0
 0.347675 -0.0402713 0
 0.345812 -0.0389636 0
 0.334003 -0.0365793 0
 0.330138 -0.035115 0
 0.344172 -0.0355233 0
 0.33433 -0.0334548 0
 0.330452 -0.0320268 0
 0.344489 -0.0323038 0
 0.330645 -0.0299663 0
 0.330737 -0.0289357 0
 0.330825 -0.0279048 0
 0.330911 -0.0268736 0
 0.336975 -0.0263091 0
 0.337055 -0.0252588 0
 0.337132 -0.0242081 0
 0.341196 -0.0234314 0
 0.341268 -0.0223679 0
 0.341336 -0.0213041 0
 0.343397 -0.0203586 0
 0.343459 -0.0192882 0
 0.347512 -0.0184295 0
 0.333585 -0.0166485 0
 0.333635 -0.0156088 0
 0.333682 -0.0145689 0
 0.333726 -0.0135288 0
 0.333766 -0.0124886 0
 0.327807 -0.0112427 0
 0.335837 -0.0104703 0
 0.335868 -0.00942352 0
 0.327898 -0.00817725 0
 0.327922 -0.00715526 0
 0.327943 -0.00613321 0
 0.32996 -0.00514226 0
 0.327975 -0.00408893 0
 0.329986 -0.00308543 0
 0.333994 -0.0020819 0
 0.329998 -0.00102848 0
 0.328 1.84257e-08 0
 0.327998 0.00102228 0
 0.313994 0.00195727 0
 0.315986 0.00295457 0
 0.327975 0.00408897 0
 0.32996 0.0051423 0
 0.329942 0.00617064 0
 0.315925 0.00689352 0
 0.333896 0.00832687 0
 0.32987 0.00925528 0
 0.327841 0.010221 0
 0.327807 0.0112427 0
 0.327771 0.0122643 0
 0.329729 0.0133668 0
 0.329686 0.0143944 0
 0.329639 0.0154219 0
 0.333585 0.0166485 0
 0.333531 0.0176881 0
 0.319497 0.0179426 0
 0.319439 0.0189382 0
 0.327363 0.0204321 0
 0.313328 0.0205366 0
 0.315257 0.0216501 0
 0.327158 0.023492 0
 0.327083 0.0245115 0
 0.332987 0.0259978 0
 0.328917 0.0267117 0
 0.326839 0.0275686 0
 0.328744 0.0287614 0
 0.328653 0.0297859 0
 0.326567 0.0306233 0
 0.32647 0.0316409 0
 0.32637 0.0326583 0
 0.334224 0.0344967 0
 0.334115 0.0355381 0
 0.332015 0.0363616 0
 0.3319 0.0373962 0
 0.335755 0.0388906 0
 0.329674 0.0392279 0
 0.341462 0.0417102 0
 0.339346 0.0425256 0
 0.339212 0.043583 0
 0.335108 0.0441179 0
 0.329023 0.0443604 0
 0.334827 0.0462058 0
 0.32874 0.0464104 0
 0.328594 0.0474348 0
 0.342295 0.0505021 0
 0.328292 0.0494821 0
 0.345927 0.0532432 0
 0.327977 0.0515274 0
 0.333739 0.0534991 0
 0.339492 0.0555071 0
 0.339318 0.0565649 0
 0.33914 0.0576222 0
 0.338958 0.0586789 0
 0.338774 0.059735 0
 0.33268 0.0597303 0
 0.332493 0.0607668 0
 0.332302 0.0618028 0
 0.341933 0.0646973 0
 0.33191 0.0638729 0
 0.341523 0.0668274 0
 0.339352 0.0675013 0
 0.3411 0.0689549 0
 0.333047 0.068408 0
 0.332832 0.0694457 0
 0.338484 0.0717265 0
 0.332393 0.071519 0
 0.332168 0.0725546 0
 0.337798 0.0748881 0
 0.337563 0.0759406 0
 0.331475 0.0756571 0
 0.331238 0.0766899 0
 0.338786 0.0795506 0
 0.33659 0.0801428 0
 0.336339 0.0811915 0
 0.336084 0.0822393 0
 0.335565 0.0843327 0
 0.335301 0.0853781 0
 0.333096 0.0859231 0
 0.336697 0.087972 0
 0.330621 0.0874861 0
 0.355461 0.0952454 0
 0.368674 0.100018 0
 0.405003 0.111231 0
 0.587713 0.163382 0
 0.648237 0.184568 0
 1.55525 0.474427 0
 1.36838 0.42209 0
 1.2926 0.403129 0
 1.26654 0.399337 0
 1.26529 0.403283 0
 1.26212 0.406611 0
 1.26275 0.411162 0
 1.26716 0.416971 0
 1.26016 0.419025 0
 1.25316 0.421039 0
 1.25184 0.424943 0
 1.25051 0.428843 0
 1.24728 0.432083 0
 1.24026 0.433987 0
 1.2389 0.43785 0
 1.23942 0.442382 0
 1.22674 0.442173 0
 1.21972 0.443942 0
 1.22959 0.451881 0
 1.21693 0.451537 0
 1.22488 0.458835 0
 1.22345 0.46265 0
 1.22947 0.469314 0
 1.2336 0.475301 0
 1.22652 0.476969 0
 1.21758 0.477866 0
 1.22353 0.484605 0
 1.22201 0.488416 0
 1.22048 0.492222 0
 1.21894 0.496023 0
 1.22294 0.502099 0
 1.15855 0.479885 0
 1.05186 0.43954 0
 0.973079 0.410187 0
 0.946028 0.402261 0
 0.909847 0.390229 0
 0.897612 0.388299 0
 0.907397 0.395893 0
 0.869546 0.382609 0
 0.868349 0.385318 0
 0.879923 0.39374 0
 0.865931 0.390723 0
 0.864709 0.39342 0
 0.854389 0.391943 0
 0.82775 0.38285 0
 0.826553 0.385428 0
 0.825347 0.388002 0
 0.818712 0.388003 0
 0.808476 0.386242 0
 0.812674 0.391363 0
 0.81145 0.393894 0
 0.804829 0.393784 0
 0.808979 0.398944 0
 0.802359 0.398793 0
 0.801112 0.401292 0
 0.794501 0.401083 0
 0.791465 0.40265 0
 0.791986 0.406028 0
 0.790717 0.408494 0
 0.792988 0.412803 0
 0.793468 0.416202 0
 0.778022 0.411196 0
 0.776736 0.413619 0
 0.784255 0.420766 0
 0.78294 0.423208 0
 0.772835 0.420864 0
 0.775027 0.425194 0
 0.777198 0.429542 0
 0.777603 0.432936 0
 0.774506 0.434379 0
 0.767924 0.433839 0
 0.77526 0.441176 0
 0.773881 0.44359 0
 0.772495 0.446 0
 0.779746 0.453433 0
 0.78178 0.457882 0
 0.773459 0.456252 0
 0.784069 0.465811 0
 0.777465 0.465172 0
 0.776011 0.467592 0
 0.77455 0.470009 0
 0.773082 0.47242 0
 0.776715 0.477972 0
 0.773522 0.479337 0
 0.773721 0.482804 0
 0.777293 0.488406 0
 0.775767 0.490826 0
 0.774233 0.493241 0
 0.767642 0.492412 0
 0.774504 0.500228 0
 0.772941 0.502639 0
 0.774717 0.507237 0
 0.773133 0.509649 0
 0.771541 0.512056 0
 0.77493 0.517792 0
 0.778291 0.523553 0
 0.781623 0.529341 0
 0.775012 0.528394 0
 0.778308 0.534203 0
 0.77664 0.536626 0
 0.774963 0.539044 0
 0.781471 0.547192 0
 0.776492 0.54732 0
 0.797619 0.565941 0
 0.906521 0.647468 0
 0.959711 0.689985 0
 1.64453 1.19013 0
 1.6683 1.21527 0
 1.68224 1.23347 0
 1.67839 1.23871 0
 1.68576 1.25228 0
 1.68185 1.25753 0
 1.67792 1.26277 0
 1.68354 1.27524 0
 1.67956 1.28048 0
 1.68508 1.29301 0
 1.68263 1.29948 0
 1.68804 1.31208 0
 1.6808 1.31487 0
 1.67669 1.3201 0
 0.611341 0.484419 0
 0.56761 0.452654 0
 0.567756 0.455672 0
 0.46209 0.373241 0
 0.465581 0.378464 0
 0.464399 0.379913 0
 0.463213 0.381358 0
 0.462022 0.3828 0
 0.45161 0.376553 0
 0.450434 0.377959 0
 0.449254 0.379361 0
 0.438925 0.372989 0
 0.437761 0.374355 0
 0.436592 0.375718 0
 0.435419 0.377076 0
 0.434241 0.378432 0
 0.43306 0.379783 0
 0.431874 0.381131 0
 0.420216 0.373179 0
 0.419051 0.374487 0
 0.417882 0.375791 0
 0.416708 0.377092 0
 0.415531 0.378389 0
 0.41435 0.379682 0
 0.404342 0.372837 0
 0.392916 0.364573 0
 0.391778 0.365795 0
 0.390636 0.367015 0
 0.38949 0.36823 0
 0.38834 0.369442 0
 0.387187 0.370651 0
 0.38603 0.371856 0
 0.384869 0.373057 0
 0.383705 0.374255 0
 0.373972 0.367043 0
 0.372826 0.368207 0
 0.371677 0.369367 0
 0.370524 0.370524 0
 0.369367 0.371677 0
 0.359775 0.364288 0
 0.367043 0.373972 0
 0.36029 0.369387 0
 0.359137 0.370508 0
 0.357981 0.371626 0
 0.352672 0.368406 0
 0.355657 0.37385 0
 0.35449 0.374957 0
 0.35332 0.37606 0
 0.349416 0.374235 0
 0.346888 0.373857 0
 0.345721 0.374936 0
 0.347253 0.378961 0
 0.346071 0.380041 0
 0.340859 0.376669 0
 0.339683 0.377729 0
 0.337171 0.377295 0
 0.335994 0.378344 0
 0.34143 0.386887 0
 0.337585 0.384942 0
 0.337698 0.3875 0
 0.328633 0.379479 0
 0.332667 0.386566 0
 0.323661 0.378481 0
 0.32248 0.379487 0
 0.322586 0.382019 0
 0.318823 0.379958 0
 0.331726 0.397847 0
 0.32538 0.392719 0
 0.31907 0.387555 0
 0.326725 0.399383 0
 0.322956 0.397296 0
 0.321716 0.3983 0
 0.319221 0.397741 0
 0.31798 0.398734 0
 0.32543 0.410696 0
 0.315488 0.400708 0
 0.33149 0.423743 0
 0.321576 0.413721 0
 0.320285 0.414721 0
 0.318991 0.415717 0
 0.326182 0.427843 0
 0.324847 0.428857 0
 0.323509 0.429868 0
 0.324563 0.434077 0
 0.323208 0.435087 0
 0.321851 0.436092 0
 0.32522 0.443545 0
 0.327369 0.449406 0
 0.322449 0.445563 0
 0.321059 0.446566 0
 0.323153 0.452447 0
 0.325213 0.458345 0
 0.324935 0.460991 0
 0.325791 0.465278 0
 0.32434 0.466292 0
 0.322885 0.4673 0
 0.321427 0.468304 0
 0.323346 0.474261 0
 0.32523 0.480235 0
 0.323732 0.481246 0
 0.323342 0.483915 0
 0.322938 0.486587 0
 0.329125 0.49928 0
 0.334141 0.510343 0
 0.339091 0.521442 0
 0.330953 0.512416 0
 0.322875 0.503344 0
 0.326678 0.512782 0
 0.32187 0.508727 0
 0.326668 0.519889 0
 0.325046 0.520904 0
 0.323421 0.521915 0
 0.321793 0.52292 0
 0.312861 0.511975 0
 0.321639 0.530045 0
 0.316889 0.525906 0
 0.322437 0.538905 0
 0.319734 0.538188 0
 0.342653 0.585041 0
